SIMAN Run Controller.

0.0 Days>
                                      ARENA Simulation Results
                                      matias - License: STUDENT

                                  Summary for Replication 1 of 1

Project: Unnamed Project                                             Run execution date :11/26/2020
Analyst: kike garcia                                                 Model revision date:11/26/2020

Replication ended at time      : 0.0 Days 
Base Time Units: Days

                                           TALLY VARIABLES

Identifier                                  Average   Half Width  Minimum    Maximum   Observations
___________________________________________________________________________________________________

Entity 1.VATime                                 --         --         --         --          0
Entity 1.NVATime                                --         --         --         --          0
Entity 1.WaitTime                               --         --         --         --          0
Entity 1.TranTime                               --         --         --         --          0
Entity 1.OtherTime                              --         --         --         --          0
Entity 1.TotalTime                              --         --         --         --          0
VConfer.VATime                                  --         --         --         --          0
VConfer.NVATime                                 --         --         --         --          0
VConfer.WaitTime                                --         --         --         --          0
VConfer.TranTime                                --         --         --         --          0
VConfer.OtherTime                               --         --         --         --          0
VConfer.TotalTime                               --         --         --         --          0

                                     DISCRETE-CHANGE VARIABLES

Identifier                                  Average   Half Width  Minimum    Maximum   Final Value
___________________________________________________________________________________________________

Entity 1.WIP                                .00000     (Insuf)    .00000     .00000     .00000    
VConfer.WIP                                 .00000     (Insuf)    .00000     1.0000     1.0000    

                                             OUTPUTS

Identifier                                   Value
_____________________________________________________________

Entity 1.NumberIn                           .00000    
Entity 1.NumberOut                          .00000    
VConfer.NumberIn                            1.0000    
VConfer.NumberOut                           .00000    
System.NumberOut                            .00000    


Simulation run time: 0.15 minutes.
Simulation run complete.
