SIMAN Run Controller.

0.0 Days>
                                      ARENA Simulation Results
                                      matias - License: STUDENT

                                  Summary for Replication 1 of 1

Project: Unnamed Project                                             Run execution date :11/22/2020
Analyst: kike garcia                                                 Model revision date:11/22/2020

Replication ended at time      : 0.0 Days 
Base Time Units: Days

                                           TALLY VARIABLES

Identifier                                  Average   Half Width  Minimum    Maximum   Observations
___________________________________________________________________________________________________

china.VATime                                    --         --         --         --          0
china.NVATime                                   --         --         --         --          0
china.WaitTime                                  --         --         --         --          0
china.TranTime                                  --         --         --         --          0
china.OtherTime                                 --         --         --         --          0
china.TotalTime                                 --         --         --         --          0
Entity 1.VATime                                 --         --         --         --          0
Entity 1.NVATime                                --         --         --         --          0
Entity 1.WaitTime                               --         --         --         --          0
Entity 1.TranTime                               --         --         --         --          0
Entity 1.OtherTime                              --         --         --         --          0
Entity 1.TotalTime                              --         --         --         --          0
tailandia.VATime                                --         --         --         --          0
tailandia.NVATime                               --         --         --         --          0
tailandia.WaitTime                              --         --         --         --          0
tailandia.TranTime                              --         --         --         --          0
tailandia.OtherTime                             --         --         --         --          0
tailandia.TotalTime                             --         --         --         --          0
malasia.VATime                                  --         --         --         --          0
malasia.NVATime                                 --         --         --         --          0
malasia.WaitTime                                --         --         --         --          0
malasia.TranTime                                --         --         --         --          0
malasia.OtherTime                               --         --         --         --          0
malasia.TotalTime                               --         --         --         --          0
india.VATime                                    --         --         --         --          0
india.NVATime                                   --         --         --         --          0
india.WaitTime                                  --         --         --         --          0
india.TranTime                                  --         --         --         --          0
india.OtherTime                                 --         --         --         --          0
india.TotalTime                                 --         --         --         --          0

                                     DISCRETE-CHANGE VARIABLES

Identifier                                  Average   Half Width  Minimum    Maximum   Final Value
___________________________________________________________________________________________________

china.WIP                                   .00000     (Insuf)    .00000     10.000     10.000    
Entity 1.WIP                                .00000     (Insuf)    .00000     .00000     .00000    
tailandia.WIP                               .00000     (Insuf)    .00000     .00000     .00000    
malasia.WIP                                 .00000     (Insuf)    .00000     .00000     .00000    
india.WIP                                   .00000     (Insuf)    .00000     .00000     .00000    

                                             OUTPUTS

Identifier                                   Value
_____________________________________________________________

china.NumberIn                              10.000    
china.NumberOut                             .00000    
Entity 1.NumberIn                           .00000    
Entity 1.NumberOut                          .00000    
tailandia.NumberIn                          .00000    
tailandia.NumberOut                         .00000    
malasia.NumberIn                            .00000    
malasia.NumberOut                           .00000    
india.NumberIn                              .00000    
india.NumberOut                             .00000    
System.NumberOut                            .00000    


Simulation run time: 0.03 minutes.
Simulation run complete.
